nohup: ignoring input
[2025-04-11 17:45:35 +0800] [7037] [INFO] Starting gunicorn 22.0.0
[2025-04-11 17:45:35 +0800] [7037] [INFO] Listening at: http://0.0.0.0:18001 (7037)
[2025-04-11 17:45:35 +0800] [7037] [INFO] Using worker: sync
[2025-04-11 17:45:35 +0800] [7038] [INFO] Booting worker with pid: 7038
Not Found: /favicon.ico
[2025-04-11 18:12:18 +0800] [7037] [CRITICAL] WORKER TIMEOUT (pid:7038)
[2025-04-11 10:12:18 +0000] [7038] [ERROR] Error handling request (no URI read)
Traceback (most recent call last):
  File "/tmp/yes/envs/lms/lib/python3.12/site-packages/gunicorn/workers/sync.py", line 134, in handle
    req = next(parser)
          ^^^^^^^^^^^^
  File "/tmp/yes/envs/lms/lib/python3.12/site-packages/gunicorn/http/parser.py", line 42, in __next__
    self.mesg = self.mesg_class(self.cfg, self.unreader, self.source_addr, self.req_count)
                ^^^^^^^^^^^^^^^^^^^^^^^^^^^^^^^^^^^^^^^^^^^^^^^^^^^^^^^^^^^^^^^^^^^^^^^^^^
  File "/tmp/yes/envs/lms/lib/python3.12/site-packages/gunicorn/http/message.py", line 257, in __init__
    super().__init__(cfg, unreader, peer_addr)
  File "/tmp/yes/envs/lms/lib/python3.12/site-packages/gunicorn/http/message.py", line 60, in __init__
    unused = self.parse(self.unreader)
             ^^^^^^^^^^^^^^^^^^^^^^^^^
  File "/tmp/yes/envs/lms/lib/python3.12/site-packages/gunicorn/http/message.py", line 269, in parse
    self.get_data(unreader, buf, stop=True)
  File "/tmp/yes/envs/lms/lib/python3.12/site-packages/gunicorn/http/message.py", line 260, in get_data
    data = unreader.read()
           ^^^^^^^^^^^^^^^
  File "/tmp/yes/envs/lms/lib/python3.12/site-packages/gunicorn/http/unreader.py", line 37, in read
    d = self.chunk()
        ^^^^^^^^^^^^
  File "/tmp/yes/envs/lms/lib/python3.12/site-packages/gunicorn/http/unreader.py", line 64, in chunk
    return self.sock.recv(self.mxchunk)
           ^^^^^^^^^^^^^^^^^^^^^^^^^^^^
  File "/tmp/yes/envs/lms/lib/python3.12/site-packages/gunicorn/workers/base.py", line 203, in handle_abort
    sys.exit(1)
SystemExit: 1
[2025-04-11 10:12:18 +0000] [7038] [INFO] Worker exiting (pid: 7038)
<QuerySet [{'book__id': 4, 'book__title': '活着', 'book__category__name': '文学', 'borrow_count': 7}]>
[2025-04-11 18:12:18 +0800] [9265] [INFO] Booting worker with pid: 9265
[2025-04-11 18:17:48 +0800] [7037] [CRITICAL] WORKER TIMEOUT (pid:9265)
[2025-04-11 10:17:48 +0000] [9265] [ERROR] Error handling request (no URI read)
Traceback (most recent call last):
  File "/tmp/yes/envs/lms/lib/python3.12/site-packages/gunicorn/workers/sync.py", line 134, in handle
    req = next(parser)
          ^^^^^^^^^^^^
  File "/tmp/yes/envs/lms/lib/python3.12/site-packages/gunicorn/http/parser.py", line 42, in __next__
    self.mesg = self.mesg_class(self.cfg, self.unreader, self.source_addr, self.req_count)
                ^^^^^^^^^^^^^^^^^^^^^^^^^^^^^^^^^^^^^^^^^^^^^^^^^^^^^^^^^^^^^^^^^^^^^^^^^^
  File "/tmp/yes/envs/lms/lib/python3.12/site-packages/gunicorn/http/message.py", line 257, in __init__
    super().__init__(cfg, unreader, peer_addr)
  File "/tmp/yes/envs/lms/lib/python3.12/site-packages/gunicorn/http/message.py", line 60, in __init__
    unused = self.parse(self.unreader)
             ^^^^^^^^^^^^^^^^^^^^^^^^^
  File "/tmp/yes/envs/lms/lib/python3.12/site-packages/gunicorn/http/message.py", line 269, in parse
    self.get_data(unreader, buf, stop=True)
  File "/tmp/yes/envs/lms/lib/python3.12/site-packages/gunicorn/http/message.py", line 260, in get_data
    data = unreader.read()
           ^^^^^^^^^^^^^^^
  File "/tmp/yes/envs/lms/lib/python3.12/site-packages/gunicorn/http/unreader.py", line 37, in read
    d = self.chunk()
        ^^^^^^^^^^^^
  File "/tmp/yes/envs/lms/lib/python3.12/site-packages/gunicorn/http/unreader.py", line 64, in chunk
    return self.sock.recv(self.mxchunk)
           ^^^^^^^^^^^^^^^^^^^^^^^^^^^^
  File "/tmp/yes/envs/lms/lib/python3.12/site-packages/gunicorn/workers/base.py", line 203, in handle_abort
    sys.exit(1)
SystemExit: 1
[2025-04-11 10:17:48 +0000] [9265] [INFO] Worker exiting (pid: 9265)
[2025-04-11 18:17:48 +0800] [9712] [INFO] Booting worker with pid: 9712
[2025-04-11 18:47:44 +0800] [7037] [INFO] Handling signal: hup
[2025-04-11 18:47:44 +0800] [7037] [INFO] Hang up: Master
[2025-04-11 18:47:44 +0800] [7037] [ERROR] Worker (pid:9712) was sent SIGHUP!
[2025-04-11 18:47:44 +0800] [12160] [INFO] Booting worker with pid: 12160
Internal Server Error: /api/recommendations/borrow_trends_analysis/
Internal Server Error: /api/recommendations/borrow_trends_analysis/
用户信息是:admin
看看是啥:{6: [{'route': 'borrow-record-list', 'method': 'GET'}], 5: [{'route': 'book-detail', 'method': 'DELETE'}, {'route': 'book-detail', 'method': 'PUT'}, {'route': 'book-list', 'method': 'POST'}, {'route': 'book-list', 'method': 'GET'}], 4: [{'route': 'announcement-detail', 'method': 'DELETE'}, {'route': 'announcement-detail', 'method': 'PUT'}, {'route': 'announcement-list', 'method': 'POST'}, {'route': 'announcement-list', 'method': 'GET'}]}
看看是啥:{6: [{'route': 'borrow-record-list', 'method': 'GET'}], 5: [{'route': 'book-detail', 'method': 'DELETE'}, {'route': 'book-detail', 'method': 'PUT'}, {'route': 'book-list', 'method': 'POST'}, {'route': 'book-list', 'method': 'GET'}], 4: [{'route': 'announcement-detail', 'method': 'DELETE'}, {'route': 'announcement-detail', 'method': 'PUT'}, {'route': 'announcement-list', 'method': 'POST'}, {'route': 'announcement-list', 'method': 'GET'}]}
看看是啥:{6: [{'route': 'borrow-record-list', 'method': 'GET'}], 5: [{'route': 'book-detail', 'method': 'DELETE'}, {'route': 'book-detail', 'method': 'PUT'}, {'route': 'book-list', 'method': 'POST'}, {'route': 'book-list', 'method': 'GET'}], 4: [{'route': 'announcement-detail', 'method': 'DELETE'}, {'route': 'announcement-detail', 'method': 'PUT'}, {'route': 'announcement-list', 'method': 'POST'}, {'route': 'announcement-list', 'method': 'GET'}]}
announcement-list GET
announcement-list GET
                         created_at category
0  2025-04-10 06:05:55.676765+00:00       文学
1  2025-04-10 06:05:55.675735+00:00       科技
2  2025-04-10 06:05:55.676765+00:00       文学
3  2025-04-10 06:05:55.676765+00:00       科技
4  2025-04-10 06:05:55.676765+00:00       文学
..                              ...      ...
74 2025-04-10 06:05:55.676765+00:00       文学
75 2025-04-10 06:05:55.675735+00:00       历史
76 2025-04-10 06:05:55.676765+00:00       文学
77 2025-04-10 06:05:55.676765+00:00       文学
78 2025-04-02 06:05:55.675735+00:00       历史

[79 rows x 2 columns]
                         created_at category
0  2025-04-10 06:05:55.676765+00:00       文学
1  2025-04-10 06:05:55.675735+00:00       科技
2  2025-04-10 06:05:55.676765+00:00       文学
3  2025-04-10 06:05:55.676765+00:00       科技
4  2025-04-10 06:05:55.676765+00:00       文学
..                              ...      ...
74 2025-04-10 06:05:55.676765+00:00       文学
75 2025-04-10 06:05:55.675735+00:00       历史
76 2025-04-10 06:05:55.676765+00:00       文学
77 2025-04-10 06:05:55.676765+00:00       文学
78 2025-04-02 06:05:55.675735+00:00       历史

[79 rows x 2 columns]
<QuerySet [{'book__id': 4, 'book__title': '活着', 'book__category__name': '文学', 'borrow_count': 7}]>
                         created_at category
0  2025-04-10 06:05:55.676765+00:00       文学
1  2025-04-10 06:05:55.675735+00:00       科技
2  2025-04-10 06:05:55.676765+00:00       文学
3  2025-04-10 06:05:55.676765+00:00       科技
4  2025-04-10 06:05:55.676765+00:00       文学
..                              ...      ...
74 2025-04-10 06:05:55.676765+00:00       文学
75 2025-04-10 06:05:55.675735+00:00       历史
76 2025-04-10 06:05:55.676765+00:00       文学
77 2025-04-10 06:05:55.676765+00:00       文学
78 2025-04-02 06:05:55.675735+00:00       历史

[79 rows x 2 columns]
<QuerySet [{'book__id': 4, 'book__title': '活着', 'book__category__name': '文学', 'borrow_count': 7}]>
                         created_at category
0  2025-04-10 06:05:55.676765+00:00       文学
1  2025-04-10 06:05:55.675735+00:00       科技
2  2025-04-10 06:05:55.676765+00:00       文学
3  2025-04-10 06:05:55.676765+00:00       科技
4  2025-04-10 06:05:55.676765+00:00       文学
..                              ...      ...
74 2025-04-10 06:05:55.676765+00:00       文学
75 2025-04-10 06:05:55.675735+00:00       历史
76 2025-04-10 06:05:55.676765+00:00       文学
77 2025-04-10 06:05:55.676765+00:00       文学
78 2025-04-02 06:05:55.675735+00:00       历史

[79 rows x 2 columns]
<QuerySet [{'book__id': 4, 'book__title': '活着', 'book__category__name': '文学', 'borrow_count': 7}]>
                         created_at category
0  2025-04-10 06:05:55.676765+00:00       文学
1  2025-04-10 06:05:55.675735+00:00       科技
2  2025-04-10 06:05:55.676765+00:00       文学
3  2025-04-10 06:05:55.676765+00:00       科技
4  2025-04-10 06:05:55.676765+00:00       文学
..                              ...      ...
74 2025-04-10 06:05:55.676765+00:00       文学
75 2025-04-10 06:05:55.675735+00:00       历史
76 2025-04-10 06:05:55.676765+00:00       文学
77 2025-04-10 06:05:55.676765+00:00       文学
78 2025-04-02 06:05:55.675735+00:00       历史

[79 rows x 2 columns]
<QuerySet [{'book__id': 4, 'book__title': '活着', 'book__category__name': '文学', 'borrow_count': 7}]>
                         created_at category
0  2025-04-10 06:05:55.676765+00:00       文学
1  2025-04-10 06:05:55.675735+00:00       科技
2  2025-04-10 06:05:55.676765+00:00       文学
3  2025-04-10 06:05:55.676765+00:00       科技
4  2025-04-10 06:05:55.676765+00:00       文学
..                              ...      ...
74 2025-04-10 06:05:55.676765+00:00       文学
75 2025-04-10 06:05:55.675735+00:00       历史
76 2025-04-10 06:05:55.676765+00:00       文学
77 2025-04-10 06:05:55.676765+00:00       文学
78 2025-04-02 06:05:55.675735+00:00       历史

[79 rows x 2 columns]
                         created_at category
0  2025-04-10 06:05:55.676765+00:00       文学
1  2025-04-10 06:05:55.675735+00:00       科技
2  2025-04-10 06:05:55.676765+00:00       文学
3  2025-04-10 06:05:55.676765+00:00       科技
4  2025-04-10 06:05:55.676765+00:00       文学
..                              ...      ...
74 2025-04-10 06:05:55.676765+00:00       文学
75 2025-04-10 06:05:55.675735+00:00       历史
76 2025-04-10 06:05:55.676765+00:00       文学
77 2025-04-10 06:05:55.676765+00:00       文学
78 2025-04-02 06:05:55.675735+00:00       历史

[79 rows x 2 columns]
<QuerySet [{'book__id': 4, 'book__title': '活着', 'book__category__name': '文学', 'borrow_count': 7}]>
                         created_at category
0  2025-04-10 06:05:55.676765+00:00       文学
1  2025-04-10 06:05:55.675735+00:00       科技
2  2025-04-10 06:05:55.676765+00:00       文学
3  2025-04-10 06:05:55.676765+00:00       科技
4  2025-04-10 06:05:55.676765+00:00       文学
..                              ...      ...
74 2025-04-10 06:05:55.676765+00:00       文学
75 2025-04-10 06:05:55.675735+00:00       历史
76 2025-04-10 06:05:55.676765+00:00       文学
77 2025-04-10 06:05:55.676765+00:00       文学
78 2025-04-02 06:05:55.675735+00:00       历史

[79 rows x 2 columns]
<QuerySet [{'book__id': 4, 'book__title': '活着', 'book__category__name': '文学', 'borrow_count': 7}]>
                         created_at category
0  2025-04-10 06:05:55.676765+00:00       文学
1  2025-04-10 06:05:55.675735+00:00       科技
2  2025-04-10 06:05:55.676765+00:00       文学
3  2025-04-10 06:05:55.676765+00:00       科技
4  2025-04-10 06:05:55.676765+00:00       文学
..                              ...      ...
74 2025-04-10 06:05:55.676765+00:00       文学
75 2025-04-10 06:05:55.675735+00:00       历史
76 2025-04-10 06:05:55.676765+00:00       文学
77 2025-04-10 06:05:55.676765+00:00       文学
78 2025-04-02 06:05:55.675735+00:00       历史

[79 rows x 2 columns]
<QuerySet [{'book__id': 4, 'book__title': '活着', 'book__category__name': '文学', 'borrow_count': 7}]>
<QuerySet [{'book__id': 4, 'book__title': '活着', 'book__category__name': '文学', 'borrow_count': 7}]>
                         created_at category
0  2025-04-10 06:05:55.676765+00:00       文学
1  2025-04-10 06:05:55.675735+00:00       科技
2  2025-04-10 06:05:55.676765+00:00       文学
3  2025-04-10 06:05:55.676765+00:00       科技
4  2025-04-10 06:05:55.676765+00:00       文学
..                              ...      ...
74 2025-04-10 06:05:55.676765+00:00       文学
75 2025-04-10 06:05:55.675735+00:00       历史
76 2025-04-10 06:05:55.676765+00:00       文学
77 2025-04-10 06:05:55.676765+00:00       文学
78 2025-04-02 06:05:55.675735+00:00       历史

[79 rows x 2 columns][2025-04-11 11:48:00 +0000] [12160] [WARNING] Invalid request from ip=79.124.49.202: Invalid HTTP request line: '\x03\x00\x00/*à\x00\x00\x00\x00\x00Cookie: mstshash=Administr'

                         created_at category
0  2025-04-10 06:05:55.676765+00:00       文学
1  2025-04-10 06:05:55.675735+00:00       科技
2  2025-04-10 06:05:55.676765+00:00       文学
3  2025-04-10 06:05:55.676765+00:00       科技
4  2025-04-10 06:05:55.676765+00:00       文学
..                              ...      ...
74 2025-04-10 06:05:55.676765+00:00       文学
75 2025-04-10 06:05:55.675735+00:00       历史
76 2025-04-10 06:05:55.676765+00:00       文学
77 2025-04-10 06:05:55.676765+00:00       文学
78 2025-04-02 06:05:55.675735+00:00       历史

[79 rows x 2 columns]
<QuerySet [{'book__id': 4, 'book__title': '活着', 'book__category__name': '文学', 'borrow_count': 7}]>
                         created_at category
0  2025-04-10 06:05:55.676765+00:00       文学
1  2025-04-10 06:05:55.675735+00:00       科技
2  2025-04-10 06:05:55.676765+00:00       文学
3  2025-04-10 06:05:55.676765+00:00       科技
4  2025-04-10 06:05:55.676765+00:00       文学
..                              ...      ...
74 2025-04-10 06:05:55.676765+00:00       文学
75 2025-04-10 06:05:55.675735+00:00       历史
76 2025-04-10 06:05:55.676765+00:00       文学
77 2025-04-10 06:05:55.676765+00:00       文学
78 2025-04-02 06:05:55.675735+00:00       历史

[79 rows x 2 columns]
<QuerySet [{'book__id': 4, 'book__title': '活着', 'book__category__name': '文学', 'borrow_count': 7}]>
<QuerySet [{'book__id': 4, 'book__title': '活着', 'book__category__name': '文学', 'borrow_count': 7}]>
                         created_at category
0  2025-04-10 06:05:55.676765+00:00       文学
1  2025-04-10 06:05:55.675735+00:00       科技
2  2025-04-10 06:05:55.676765+00:00       文学
3  2025-04-10 06:05:55.676765+00:00       科技
4  2025-04-10 06:05:55.676765+00:00       文学
..                              ...      ...
74 2025-04-10 06:05:55.676765+00:00       文学
75 2025-04-10 06:05:55.675735+00:00       历史
76 2025-04-10 06:05:55.676765+00:00       文学
77 2025-04-10 06:05:55.676765+00:00       文学
78 2025-04-02 06:05:55.675735+00:00       历史

[79 rows x 2 columns]
                         created_at category
0  2025-04-10 06:05:55.676765+00:00       文学
1  2025-04-10 06:05:55.675735+00:00       科技
2  2025-04-10 06:05:55.676765+00:00       文学
3  2025-04-10 06:05:55.676765+00:00       科技
4  2025-04-10 06:05:55.676765+00:00       文学
..                              ...      ...
74 2025-04-10 06:05:55.676765+00:00       文学
75 2025-04-10 06:05:55.675735+00:00       历史
76 2025-04-10 06:05:55.676765+00:00       文学
77 2025-04-10 06:05:55.676765+00:00       文学
78 2025-04-02 06:05:55.675735+00:00       历史

[79 rows x 2 columns]
<QuerySet [{'book__id': 4, 'book__title': '活着', 'book__category__name': '文学', 'borrow_count': 7}]>
                         created_at category
0  2025-04-10 06:05:55.676765+00:00       文学
1  2025-04-10 06:05:55.675735+00:00       科技
2  2025-04-10 06:05:55.676765+00:00       文学
3  2025-04-10 06:05:55.676765+00:00       科技
4  2025-04-10 06:05:55.676765+00:00       文学
..                              ...      ...
74 2025-04-10 06:05:55.676765+00:00       文学
75 2025-04-10 06:05:55.675735+00:00       历史
76 2025-04-10 06:05:55.676765+00:00       文学
77 2025-04-10 06:05:55.676765+00:00       文学
78 2025-04-02 06:05:55.675735+00:00       历史

[79 rows x 2 columns]
<QuerySet [{'book__id': 4, 'book__title': '活着', 'book__category__name': '文学', 'borrow_count': 7}]>
<QuerySet [{'book__id': 4, 'book__title': '活着', 'book__category__name': '文学', 'borrow_count': 7}]>
                         created_at category
0  2025-04-10 06:05:55.676765+00:00       文学
1  2025-04-10 06:05:55.675735+00:00       科技
2  2025-04-10 06:05:55.676765+00:00       文学
3  2025-04-10 06:05:55.676765+00:00       科技
4  2025-04-10 06:05:55.676765+00:00       文学
..                              ...      ...
74 2025-04-10 06:05:55.676765+00:00       文学
75 2025-04-10 06:05:55.675735+00:00       历史
76 2025-04-10 06:05:55.676765+00:00       文学
77 2025-04-10 06:05:55.676765+00:00       文学
78 2025-04-02 06:05:55.675735+00:00       历史

[79 rows x 2 columns]
<QuerySet [{'book__id': 4, 'book__title': '活着', 'book__category__name': '文学', 'borrow_count': 7}]>
                         created_at category
0  2025-04-10 06:05:55.676765+00:00       文学
1  2025-04-10 06:05:55.675735+00:00       科技
2  2025-04-10 06:05:55.676765+00:00       文学
3  2025-04-10 06:05:55.676765+00:00       科技
4  2025-04-10 06:05:55.676765+00:00       文学
..                              ...      ...
74 2025-04-10 06:05:55.676765+00:00       文学
75 2025-04-10 06:05:55.675735+00:00       历史
76 2025-04-10 06:05:55.676765+00:00       文学
77 2025-04-10 06:05:55.676765+00:00       文学
78 2025-04-02 06:05:55.675735+00:00       历史

[79 rows x 2 columns]
<QuerySet [{'book__id': 4, 'book__title': '活着', 'book__category__name': '文学', 'borrow_count': 7}]>
                         created_at category
0  2025-04-10 06:05:55.676765+00:00       文学
1  2025-04-10 06:05:55.675735+00:00       科技
2  2025-04-10 06:05:55.676765+00:00       文学
3  2025-04-10 06:05:55.676765+00:00       科技
4  2025-04-10 06:05:55.676765+00:00       文学
..                              ...      ...
74 2025-04-10 06:05:55.676765+00:00       文学
75 2025-04-10 06:05:55.675735+00:00       历史
76 2025-04-10 06:05:55.676765+00:00       文学
77 2025-04-10 06:05:55.676765+00:00       文学
78 2025-04-02 06:05:55.675735+00:00       历史

[79 rows x 2 columns]
                         created_at category
0  2025-04-10 06:05:55.676765+00:00       文学
1  2025-04-10 06:05:55.675735+00:00       科技
2  2025-04-10 06:05:55.676765+00:00       文学
3  2025-04-10 06:05:55.676765+00:00       科技
4  2025-04-10 06:05:55.676765+00:00       文学
..                              ...      ...
74 2025-04-10 06:05:55.676765+00:00       文学
75 2025-04-10 06:05:55.675735+00:00       历史
76 2025-04-10 06:05:55.676765+00:00       文学
77 2025-04-10 06:05:55.676765+00:00       文学
78 2025-04-02 06:05:55.675735+00:00       历史

[79 rows x 2 columns]
<QuerySet [{'book__id': 4, 'book__title': '活着', 'book__category__name': '文学', 'borrow_count': 7}]>
                         created_at category
0  2025-04-10 06:05:55.676765+00:00       文学
1  2025-04-10 06:05:55.675735+00:00       科技
2  2025-04-10 06:05:55.676765+00:00       文学
3  2025-04-10 06:05:55.676765+00:00       科技
4  2025-04-10 06:05:55.676765+00:00       文学
..                              ...      ...
74 2025-04-10 06:05:55.676765+00:00       文学
75 2025-04-10 06:05:55.675735+00:00       历史
76 2025-04-10 06:05:55.676765+00:00       文学
77 2025-04-10 06:05:55.676765+00:00       文学
78 2025-04-02 06:05:55.675735+00:00       历史

[79 rows x 2 columns]
<QuerySet [{'book__id': 4, 'book__title': '活着', 'book__category__name': '文学', 'borrow_count': 7}]>
<QuerySet [{'book__id': 4, 'book__title': '活着', 'book__category__name': '文学', 'borrow_count': 7}]>
                         created_at category
0  2025-04-10 06:05:55.676765+00:00       文学
1  2025-04-10 06:05:55.675735+00:00       科技
2  2025-04-10 06:05:55.676765+00:00       文学
3  2025-04-10 06:05:55.676765+00:00       科技
4  2025-04-10 06:05:55.676765+00:00       文学
..                              ...      ...
74 2025-04-10 06:05:55.676765+00:00       文学
75 2025-04-10 06:05:55.675735+00:00       历史
76 2025-04-10 06:05:55.676765+00:00       文学
77 2025-04-10 06:05:55.676765+00:00       文学
78 2025-04-02 06:05:55.675735+00:00       历史

[79 rows x 2 columns]
<QuerySet [{'book__id': 4, 'book__title': '活着', 'book__category__name': '文学', 'borrow_count': 7}]>
                         created_at category
0  2025-04-10 06:05:55.676765+00:00       文学
1  2025-04-10 06:05:55.675735+00:00       科技
2  2025-04-10 06:05:55.676765+00:00       文学
3  2025-04-10 06:05:55.676765+00:00       科技
4  2025-04-10 06:05:55.676765+00:00       文学
..                              ...      ...
74 2025-04-10 06:05:55.676765+00:00       文学
75 2025-04-10 06:05:55.675735+00:00       历史
76 2025-04-10 06:05:55.676765+00:00       文学
77 2025-04-10 06:05:55.676765+00:00       文学
78 2025-04-02 06:05:55.675735+00:00       历史

[79 rows x 2 columns]/opt/xy/LibraryManagementSystem/api/views.py:244: UserWarning: Converting to PeriodArray/Index representation will drop timezone information.
  df['time_period'] = df['created_at'].dt.to_period('M').apply(lambda r: r.start_time)
/opt/xy/LibraryManagementSystem/api/views.py:242: UserWarning: Converting to PeriodArray/Index representation will drop timezone information.
  df['time_period'] = df['created_at'].dt.to_period('W').apply(lambda r: r.start_time)
/opt/xy/LibraryManagementSystem/api/views.py:244: UserWarning: Converting to PeriodArray/Index representation will drop timezone information.
  df['time_period'] = df['created_at'].dt.to_period('M').apply(lambda r: r.start_time)

                         created_at category
0  2025-04-10 06:05:55.676765+00:00       文学
1  2025-04-10 06:05:55.675735+00:00       科技
2  2025-04-10 06:05:55.676765+00:00       文学
3  2025-04-10 06:05:55.676765+00:00       科技
4  2025-04-10 06:05:55.676765+00:00       文学
..                              ...      ...
74 2025-04-10 06:05:55.676765+00:00       文学
75 2025-04-10 06:05:55.675735+00:00       历史
76 2025-04-10 06:05:55.676765+00:00       文学
77 2025-04-10 06:05:55.676765+00:00       文学
78 2025-04-02 06:05:55.675735+00:00       历史

[79 rows x 2 columns]
<QuerySet [{'book__id': 4, 'book__title': '活着', 'book__category__name': '文学', 'borrow_count': 7}]>
                         created_at category
0  2025-04-10 06:05:55.676765+00:00       文学
1  2025-04-10 06:05:55.675735+00:00       科技
2  2025-04-10 06:05:55.676765+00:00       文学
3  2025-04-10 06:05:55.676765+00:00       科技
4  2025-04-10 06:05:55.676765+00:00       文学
..                              ...      ...
74 2025-04-10 06:05:55.676765+00:00       文学
75 2025-04-10 06:05:55.675735+00:00       历史
76 2025-04-10 06:05:55.676765+00:00       文学
77 2025-04-10 06:05:55.676765+00:00       文学
78 2025-04-02 06:05:55.675735+00:00       历史

[79 rows x 2 columns]
                         created_at category
0  2025-04-10 06:05:55.676765+00:00       文学
1  2025-04-10 06:05:55.675735+00:00       科技
2  2025-04-10 06:05:55.676765+00:00       文学
3  2025-04-10 06:05:55.676765+00:00       科技
4  2025-04-10 06:05:55.676765+00:00       文学
..                              ...      ...
74 2025-04-10 06:05:55.676765+00:00       文学
75 2025-04-10 06:05:55.675735+00:00       历史
76 2025-04-10 06:05:55.676765+00:00       文学
77 2025-04-10 06:05:55.676765+00:00       文学
78 2025-04-02 06:05:55.675735+00:00       历史

[79 rows x 2 columns]
                         created_at category
0  2025-04-10 06:05:55.676765+00:00       文学
1  2025-04-10 06:05:55.675735+00:00       科技
2  2025-04-10 06:05:55.676765+00:00       文学
3  2025-04-10 06:05:55.676765+00:00       科技
4  2025-04-10 06:05:55.676765+00:00       文学
..                              ...      ...
74 2025-04-10 06:05:55.676765+00:00       文学
75 2025-04-10 06:05:55.675735+00:00       历史
76 2025-04-10 06:05:55.676765+00:00       文学
77 2025-04-10 06:05:55.676765+00:00       文学
78 2025-04-02 06:05:55.675735+00:00       历史

[79 rows x 2 columns]
                         created_at category
0  2025-04-10 06:05:55.676765+00:00       文学
1  2025-04-10 06:05:55.675735+00:00       科技
2  2025-04-10 06:05:55.676765+00:00       文学
3  2025-04-10 06:05:55.676765+00:00       科技
4  2025-04-10 06:05:55.676765+00:00       文学
..                              ...      ...
74 2025-04-10 06:05:55.676765+00:00       文学
75 2025-04-10 06:05:55.675735+00:00       历史
76 2025-04-10 06:05:55.676765+00:00       文学
77 2025-04-10 06:05:55.676765+00:00       文学
78 2025-04-02 06:05:55.675735+00:00       历史

[79 rows x 2 columns]
<QuerySet [{'book__id': 4, 'book__title': '活着', 'book__category__name': '文学', 'borrow_count': 7}, {'book__id': 9, 'book__title': '百年孤独', 'book__category__name': '文学', 'borrow_count': 7}, {'book__id': 10, 'book__title': '时间简史', 'book__category__name': '科技', 'borrow_count': 7}, {'book__id': 6, 'book__title': '人类简史', 'book__category__name': '历史', 'borrow_count': 6}, {'book__id': 1, 'book__title': '呐喊', 'book__category__name': '文学', 'borrow_count': 5}]>
<QuerySet [{'book__id': 4, 'book__title': '活着', 'book__category__name': '文学', 'borrow_count': 7}]>
                         created_at category
0  2025-04-10 06:05:55.676765+00:00       文学
1  2025-04-10 06:05:55.675735+00:00       科技
2  2025-04-10 06:05:55.676765+00:00       文学
3  2025-04-10 06:05:55.676765+00:00       科技
4  2025-04-10 06:05:55.676765+00:00       文学
..                              ...      ...
74 2025-04-10 06:05:55.676765+00:00       文学
75 2025-04-10 06:05:55.675735+00:00       历史
76 2025-04-10 06:05:55.676765+00:00       文学
77 2025-04-10 06:05:55.676765+00:00       文学
78 2025-04-02 06:05:55.675735+00:00       历史

[79 rows x 2 columns]
                         created_at category
0  2025-04-10 06:05:55.676765+00:00       文学
1  2025-04-10 06:05:55.675735+00:00       科技
2  2025-04-10 06:05:55.676765+00:00       文学
3  2025-04-10 06:05:55.676765+00:00       科技
4  2025-04-10 06:05:55.676765+00:00       文学
..                              ...      ...
74 2025-04-10 06:05:55.676765+00:00       文学
75 2025-04-10 06:05:55.675735+00:00       历史
76 2025-04-10 06:05:55.676765+00:00       文学
77 2025-04-10 06:05:55.676765+00:00       文学
78 2025-04-02 06:05:55.675735+00:00       历史

[79 rows x 2 columns]
<QuerySet [{'book__id': 4, 'book__title': '活着', 'book__category__name': '文学', 'borrow_count': 7}]>
<QuerySet [{'book__id': 4, 'book__title': '活着', 'book__category__name': '文学', 'borrow_count': 7}]>
                         created_at category
0  2025-04-10 06:05:55.676765+00:00       文学
1  2025-04-10 06:05:55.675735+00:00       科技
2  2025-04-10 06:05:55.676765+00:00       文学
3  2025-04-10 06:05:55.676765+00:00       科技
4  2025-04-10 06:05:55.676765+00:00       文学
..                              ...      ...
74 2025-04-10 06:05:55.676765+00:00       文学
75 2025-04-10 06:05:55.675735+00:00       历史
76 2025-04-10 06:05:55.676765+00:00       文学
77 2025-04-10 06:05:55.676765+00:00       文学
78 2025-04-02 06:05:55.675735+00:00       历史

[79 rows x 2 columns]
                         created_at category
0  2025-04-10 06:05:55.676765+00:00       文学
1  2025-04-10 06:05:55.675735+00:00       科技
2  2025-04-10 06:05:55.676765+00:00       文学
3  2025-04-10 06:05:55.676765+00:00       科技
4  2025-04-10 06:05:55.676765+00:00       文学
..                              ...      ...
74 2025-04-10 06:05:55.676765+00:00       文学
75 2025-04-10 06:05:55.675735+00:00       历史
76 2025-04-10 06:05:55.676765+00:00       文学
77 2025-04-10 06:05:55.676765+00:00       文学
78 2025-04-02 06:05:55.675735+00:00       历史

[79 rows x 2 columns]
<QuerySet [{'book__id': 4, 'book__title': '活着', 'book__category__name': '文学', 'borrow_count': 7}]>
                         created_at category
0  2025-04-10 06:05:55.676765+00:00       文学
1  2025-04-10 06:05:55.675735+00:00       科技
2  2025-04-10 06:05:55.676765+00:00       文学
3  2025-04-10 06:05:55.676765+00:00       科技
4  2025-04-10 06:05:55.676765+00:00       文学
..                              ...      ...
74 2025-04-10 06:05:55.676765+00:00       文学
75 2025-04-10 06:05:55.675735+00:00       历史
76 2025-04-10 06:05:55.676765+00:00       文学
77 2025-04-10 06:05:55.676765+00:00       文学
78 2025-04-02 06:05:55.675735+00:00       历史

[79 rows x 2 columns]
<QuerySet [{'book__id': 4, 'book__title': '活着', 'book__category__name': '文学', 'borrow_count': 7}]>
                         created_at category
0  2025-04-10 06:05:55.676765+00:00       文学
1  2025-04-10 06:05:55.675735+00:00       科技
2  2025-04-10 06:05:55.676765+00:00       文学
3  2025-04-10 06:05:55.676765+00:00       科技
4  2025-04-10 06:05:55.676765+00:00       文学
..                              ...      ...
74 2025-04-10 06:05:55.676765+00:00       文学
75 2025-04-10 06:05:55.675735+00:00       历史
76 2025-04-10 06:05:55.676765+00:00       文学
77 2025-04-10 06:05:55.676765+00:00       文学
78 2025-04-02 06:05:55.675735+00:00       历史

[79 rows x 2 columns]
<QuerySet [{'book__id': 4, 'book__title': '活着', 'book__category__name': '文学', 'borrow_count': 7}]>
                         created_at category
0  2025-04-10 06:05:55.676765+00:00       文学
1  2025-04-10 06:05:55.675735+00:00       科技
2  2025-04-10 06:05:55.676765+00:00       文学
3  2025-04-10 06:05:55.676765+00:00       科技
4  2025-04-10 06:05:55.676765+00:00       文学
..                              ...      ...
74 2025-04-10 06:05:55.676765+00:00       文学
75 2025-04-10 06:05:55.675735+00:00       历史
76 2025-04-10 06:05:55.676765+00:00       文学
77 2025-04-10 06:05:55.676765+00:00       文学
78 2025-04-02 06:05:55.675735+00:00       历史

[79 rows x 2 columns]
<QuerySet [{'book__id': 4, 'book__title': '活着', 'book__category__name': '文学', 'borrow_count': 7}]>
<QuerySet [{'book__id': 4, 'book__title': '活着', 'book__category__name': '文学', 'borrow_count': 7}]>
                         created_at category
0  2025-04-10 06:05:55.676765+00:00       文学
1  2025-04-10 06:05:55.675735+00:00       科技
2  2025-04-10 06:05:55.676765+00:00       文学
3  2025-04-10 06:05:55.676765+00:00       科技
4  2025-04-10 06:05:55.676765+00:00       文学
..                              ...      ...
74 2025-04-10 06:05:55.676765+00:00       文学
75 2025-04-10 06:05:55.675735+00:00       历史
76 2025-04-10 06:05:55.676765+00:00       文学
77 2025-04-10 06:05:55.676765+00:00       文学
78 2025-04-02 06:05:55.675735+00:00       历史

[79 rows x 2 columns]
                         created_at category
0  2025-04-10 06:05:55.676765+00:00       文学
1  2025-04-10 06:05:55.675735+00:00       科技
2  2025-04-10 06:05:55.676765+00:00       文学
3  2025-04-10 06:05:55.676765+00:00       科技
4  2025-04-10 06:05:55.676765+00:00       文学
..                              ...      ...
74 2025-04-10 06:05:55.676765+00:00       文学
75 2025-04-10 06:05:55.675735+00:00       历史
76 2025-04-10 06:05:55.676765+00:00       文学
77 2025-04-10 06:05:55.676765+00:00       文学
78 2025-04-02 06:05:55.675735+00:00       历史

[79 rows x 2 columns]
<QuerySet [{'book__id': 4, 'book__title': '活着', 'book__category__name': '文学', 'borrow_count': 7}]>
<QuerySet [{'book__id': 4, 'book__title': '活着', 'book__category__name': '文学', 'borrow_count': 7}]>
                         created_at category
0  2025-04-10 06:05:55.676765+00:00       文学
1  2025-04-10 06:05:55.675735+00:00       科技
2  2025-04-10 06:05:55.676765+00:00       文学
3  2025-04-10 06:05:55.676765+00:00       科技
4  2025-04-10 06:05:55.676765+00:00       文学
..                              ...      ...
74 2025-04-10 06:05:55.676765+00:00       文学
75 2025-04-10 06:05:55.675735+00:00       历史
76 2025-04-10 06:05:55.676765+00:00       文学
77 2025-04-10 06:05:55.676765+00:00       文学
78 2025-04-02 06:05:55.675735+00:00       历史

[79 rows x 2 columns]
<QuerySet [{'book__id': 4, 'book__title': '活着', 'book__category__name': '文学', 'borrow_count': 7}]>
                         created_at category
0  2025-04-10 06:05:55.676765+00:00       文学
1  2025-04-10 06:05:55.675735+00:00       科技
2  2025-04-10 06:05:55.676765+00:00       文学
3  2025-04-10 06:05:55.676765+00:00       科技
4  2025-04-10 06:05:55.676765+00:00       文学
..                              ...      ...
74 2025-04-10 06:05:55.676765+00:00       文学
75 2025-04-10 06:05:55.675735+00:00       历史
76 2025-04-10 06:05:55.676765+00:00       文学
77 2025-04-10 06:05:55.676765+00:00       文学
78 2025-04-02 06:05:55.675735+00:00       历史

[79 rows x 2 columns]
                         created_at category
0  2025-04-10 06:05:55.676765+00:00       文学
1  2025-04-10 06:05:55.675735+00:00       科技
2  2025-04-10 06:05:55.676765+00:00       文学
3  2025-04-10 06:05:55.676765+00:00       科技
4  2025-04-10 06:05:55.676765+00:00       文学
..                              ...      ...
74 2025-04-10 06:05:55.676765+00:00       文学
75 2025-04-10 06:05:55.675735+00:00       历史
76 2025-04-10 06:05:55.676765+00:00       文学
77 2025-04-10 06:05:55.676765+00:00       文学
78 2025-04-02 06:05:55.675735+00:00       历史

[79 rows x 2 columns]
<QuerySet [{'book__id': 4, 'book__title': '活着', 'book__category__name': '文学', 'borrow_count': 7}]>
<QuerySet [{'book__id': 4, 'book__title': '活着', 'book__category__name': '文学', 'borrow_count': 7}]>
                         created_at category
0  2025-04-10 06:05:55.676765+00:00       文学
1  2025-04-10 06:05:55.675735+00:00       科技
2  2025-04-10 06:05:55.676765+00:00       文学
3  2025-04-10 06:05:55.676765+00:00       科技
4  2025-04-10 06:05:55.676765+00:00       文学
..                              ...      ...
74 2025-04-10 06:05:55.676765+00:00       文学
75 2025-04-10 06:05:55.675735+00:00       历史
76 2025-04-10 06:05:55.676765+00:00       文学
77 2025-04-10 06:05:55.676765+00:00       文学
78 2025-04-02 06:05:55.675735+00:00       历史

[79 rows x 2 columns]
                         created_at category
0  2025-04-10 06:05:55.676765+00:00       文学
1  2025-04-10 06:05:55.675735+00:00       科技
2  2025-04-10 06:05:55.676765+00:00       文学
3  2025-04-10 06:05:55.676765+00:00       科技
4  2025-04-10 06:05:55.676765+00:00       文学
..                              ...      ...
74 2025-04-10 06:05:55.676765+00:00       文学
75 2025-04-10 06:05:55.675735+00:00       历史
76 2025-04-10 06:05:55.676765+00:00       文学
77 2025-04-10 06:05:55.676765+00:00       文学
78 2025-04-02 06:05:55.675735+00:00       历史

[79 rows x 2 columns]
<QuerySet [{'book__id': 4, 'book__title': '活着', 'book__category__name': '文学', 'borrow_count': 7}]>
<QuerySet [{'book__id': 4, 'book__title': '活着', 'book__category__name': '文学', 'borrow_count': 7}]>
                         created_at category
0  2025-04-10 06:05:55.676765+00:00       文学
1  2025-04-10 06:05:55.675735+00:00       科技
2  2025-04-10 06:05:55.676765+00:00       文学
3  2025-04-10 06:05:55.676765+00:00       科技
4  2025-04-10 06:05:55.676765+00:00       文学
..                              ...      ...
74 2025-04-10 06:05:55.676765+00:00       文学
75 2025-04-10 06:05:55.675735+00:00       历史
76 2025-04-10 06:05:55.676765+00:00       文学
77 2025-04-10 06:05:55.676765+00:00       文学
78 2025-04-02 06:05:55.675735+00:00       历史

[79 rows x 2 columns]
<QuerySet [{'book__id': 4, 'book__title': '活着', 'book__category__name': '文学', 'borrow_count': 7}]>
                         created_at category
0  2025-04-10 06:05:55.676765+00:00       文学
1  2025-04-10 06:05:55.675735+00:00       科技
2  2025-04-10 06:05:55.676765+00:00       文学
3  2025-04-10 06:05:55.676765+00:00       科技
4  2025-04-10 06:05:55.676765+00:00       文学
..                              ...      ...
74 2025-04-10 06:05:55.676765+00:00       文学
75 2025-04-10 06:05:55.675735+00:00       历史
76 2025-04-10 06:05:55.676765+00:00       文学
77 2025-04-10 06:05:55.676765+00:00       文学
78 2025-04-02 06:05:55.675735+00:00       历史

[79 rows x 2 columns]
                         created_at category
0  2025-04-10 06:05:55.676765+00:00       文学
1  2025-04-10 06:05:55.675735+00:00       科技
2  2025-04-10 06:05:55.676765+00:00       文学
3  2025-04-10 06:05:55.676765+00:00       科技
4  2025-04-10 06:05:55.676765+00:00       文学
..                              ...      ...
74 2025-04-10 06:05:55.676765+00:00       文学
75 2025-04-10 06:05:55.675735+00:00       历史
76 2025-04-10 06:05:55.676765+00:00       文学
77 2025-04-10 06:05:55.676765+00:00       文学
78 2025-04-02 06:05:55.675735+00:00       历史

[79 rows x 2 columns]
<QuerySet [{'book__id': 4, 'book__title': '活着', 'book__category__name': '文学', 'borrow_count': 7}]>
<QuerySet [{'book__id': 4, 'book__title': '活着', 'book__category__name': '文学', 'borrow_count': 7}]>
                         created_at category
0  2025-04-10 06:05:55.676765+00:00       文学
1  2025-04-10 06:05:55.675735+00:00       科技
2  2025-04-10 06:05:55.676765+00:00       文学
3  2025-04-10 06:05:55.676765+00:00       科技
4  2025-04-10 06:05:55.676765+00:00       文学
..                              ...      ...
74 2025-04-10 06:05:55.676765+00:00       文学
75 2025-04-10 06:05:55.675735+00:00       历史
76 2025-04-10 06:05:55.676765+00:00       文学
77 2025-04-10 06:05:55.676765+00:00       文学
78 2025-04-02 06:05:55.675735+00:00       历史

[79 rows x 2 columns]
                         created_at category
0  2025-04-10 06:05:55.676765+00:00       文学
1  2025-04-10 06:05:55.675735+00:00       科技
2  2025-04-10 06:05:55.676765+00:00       文学
3  2025-04-10 06:05:55.676765+00:00       科技
4  2025-04-10 06:05:55.676765+00:00       文学
..                              ...      ...
74 2025-04-10 06:05:55.676765+00:00       文学
75 2025-04-10 06:05:55.675735+00:00       历史
76 2025-04-10 06:05:55.676765+00:00       文学
77 2025-04-10 06:05:55.676765+00:00       文学
78 2025-04-02 06:05:55.675735+00:00       历史

[79 rows x 2 columns]/tmp/yes/envs/lms/lib/python3.12/site-packages/rest_framework/pagination.py:207: UnorderedObjectListWarning: Pagination may yield inconsistent results with an unordered object_list: <class 'api.models.Category'> QuerySet.
  paginator = self.django_paginator_class(queryset, page_size)
/tmp/yes/envs/lms/lib/python3.12/site-packages/rest_framework/pagination.py:207: UnorderedObjectListWarning: Pagination may yield inconsistent results with an unordered object_list: <class 'api.models.Author'> QuerySet.
  paginator = self.django_paginator_class(queryset, page_size)
/opt/xy/LibraryManagementSystem/api/views.py:244: UserWarning: Converting to PeriodArray/Index representation will drop timezone information.
  df['time_period'] = df['created_at'].dt.to_period('M').apply(lambda r: r.start_time)
/opt/xy/LibraryManagementSystem/api/views.py:242: UserWarning: Converting to PeriodArray/Index representation will drop timezone information.
  df['time_period'] = df['created_at'].dt.to_period('W').apply(lambda r: r.start_time)
/tmp/yes/envs/lms/lib/python3.12/site-packages/rest_framework/pagination.py:207: UnorderedObjectListWarning: Pagination may yield inconsistent results with an unordered object_list: <class 'api.models.Category'> QuerySet.
  paginator = self.django_paginator_class(queryset, page_size)
/tmp/yes/envs/lms/lib/python3.12/site-packages/rest_framework/pagination.py:207: UnorderedObjectListWarning: Pagination may yield inconsistent results with an unordered object_list: <class 'api.models.Author'> QuerySet.
  paginator = self.django_paginator_class(queryset, page_size)

<QuerySet [{'book__id': 4, 'book__title': '活着', 'book__category__name': '文学', 'borrow_count': 7}]>
                         created_at category
0  2025-04-10 06:05:55.676765+00:00       文学
1  2025-04-10 06:05:55.675735+00:00       科技
2  2025-04-10 06:05:55.676765+00:00       文学
3  2025-04-10 06:05:55.676765+00:00       科技
4  2025-04-10 06:05:55.676765+00:00       文学
..                              ...      ...
74 2025-04-10 06:05:55.676765+00:00       文学
75 2025-04-10 06:05:55.675735+00:00       历史
76 2025-04-10 06:05:55.676765+00:00       文学
77 2025-04-10 06:05:55.676765+00:00       文学
78 2025-04-02 06:05:55.675735+00:00       历史

[79 rows x 2 columns]
<QuerySet [{'book__id': 4, 'book__title': '活着', 'book__category__name': '文学', 'borrow_count': 7}]>
用户信息是:user
看看是啥:{6: [{'route': 'borrow-record-list', 'method': 'GET'}], 5: [{'route': 'book-list', 'method': 'GET'}], 4: [{'route': 'announcement-list', 'method': 'GET'}]}
看看是啥:{6: [{'route': 'borrow-record-list', 'method': 'GET'}], 5: [{'route': 'book-list', 'method': 'GET'}], 4: [{'route': 'announcement-list', 'method': 'GET'}]}
看看是啥:{6: [{'route': 'borrow-record-list', 'method': 'GET'}], 5: [{'route': 'book-list', 'method': 'GET'}], 4: [{'route': 'announcement-list', 'method': 'GET'}]}
announcement-list GET
                         created_at category
0  2025-04-10 06:05:55.676765+00:00       文学
1  2025-04-10 06:05:55.675735+00:00       科技
2  2025-04-10 06:05:55.676765+00:00       文学
3  2025-04-10 06:05:55.676765+00:00       科技
4  2025-04-10 06:05:55.676765+00:00       文学
..                              ...      ...
74 2025-04-10 06:05:55.676765+00:00       文学
75 2025-04-10 06:05:55.675735+00:00       历史
76 2025-04-10 06:05:55.676765+00:00       文学
77 2025-04-10 06:05:55.676765+00:00       文学
78 2025-04-02 06:05:55.675735+00:00       历史

[79 rows x 2 columns]
<QuerySet [{'book__id': 4, 'book__title': '活着', 'book__category__name': '文学', 'borrow_count': 7}]>
announcement-list GET
announcement-list GET
book-list GET
borrow-record-list GET
User(id=1, username=user, is_superuser=False)
borrow-record-list GET
User(id=1, username=user, is_superuser=False)
borrow-record-list GET
User(id=1, username=user, is_superuser=False)
book-list GET
borrow-record-list GET
User(id=1, username=user, is_superuser=False)
announcement-list GET
用户信息是:user
看看是啥:{6: [{'route': 'borrow-record-list', 'method': 'GET'}], 5: [{'route': 'book-list', 'method': 'GET'}], 4: [{'route': 'announcement-list', 'method': 'GET'}]}
看看是啥:{6: [{'route': 'borrow-record-list', 'method': 'GET'}], 5: [{'route': 'book-list', 'method': 'GET'}], 4: [{'route': 'announcement-list', 'method': 'GET'}]}
看看是啥:{6: [{'route': 'borrow-record-list', 'method': 'GET'}], 5: [{'route': 'book-list', 'method': 'GET'}], 4: [{'route': 'announcement-list', 'method': 'GET'}]}
announcement-list GET
book-list GET
borrow-record-list GET
User(id=1, username=user, is_superuser=False)
book-list GET
用户信息是:root
announcement-list GET
book-list GET
borrow-record-list GET
book-list GET
borrow-record-list GET
announcement-list GET
用户信息是:root
announcement-list GET
用户信息是:admin
看看是啥:{6: [{'route': 'borrow-record-list', 'method': 'GET'}], 5: [{'route': 'book-detail', 'method': 'DELETE'}, {'route': 'book-detail', 'method': 'PUT'}, {'route': 'book-list', 'method': 'POST'}, {'route': 'book-list', 'method': 'GET'}], 4: [{'route': 'announcement-detail', 'method': 'DELETE'}, {'route': 'announcement-detail', 'method': 'PUT'}, {'route': 'announcement-list', 'method': 'POST'}, {'route': 'announcement-list', 'method': 'GET'}]}
看看是啥:{6: [{'route': 'borrow-record-list', 'method': 'GET'}], 5: [{'route': 'book-detail', 'method': 'DELETE'}, {'route': 'book-detail', 'method': 'PUT'}, {'route': 'book-list', 'method': 'POST'}, {'route': 'book-list', 'method': 'GET'}], 4: [{'route': 'announcement-detail', 'method': 'DELETE'}, {'route': 'announcement-detail', 'method': 'PUT'}, {'route': 'announcement-list', 'method': 'POST'}, {'route': 'announcement-list', 'method': 'GET'}]}
看看是啥:{6: [{'route': 'borrow-record-list', 'method': 'GET'}], 5: [{'route': 'book-detail', 'method': 'DELETE'}, {'route': 'book-detail', 'method': 'PUT'}, {'route': 'book-list', 'method': 'POST'}, {'route': 'book-list', 'method': 'GET'}], 4: [{'route': 'announcement-detail', 'method': 'DELETE'}, {'route': 'announcement-detail', 'method': 'PUT'}, {'route': 'announcement-list', 'method': 'POST'}, {'route': 'announcement-list', 'method': 'GET'}]}
announcement-list GET
announcement-list GET
book-list GET
borrow-record-list GET
User(id=2, username=admin, is_superuser=True)
                         created_at category
0  2025-04-10 06:05:55.676765+00:00       文学
1  2025-04-10 06:05:55.675735+00:00       科技
2  2025-04-10 06:05:55.676765+00:00       文学
3  2025-04-10 06:05:55.676765+00:00       科技
4  2025-04-10 06:05:55.676765+00:00       文学
..                              ...      ...
74 2025-04-10 06:05:55.676765+00:00       文学
75 2025-04-10 06:05:55.675735+00:00       历史
76 2025-04-10 06:05:55.676765+00:00       文学
77 2025-04-10 06:05:55.676765+00:00       文学
78 2025-04-02 06:05:55.675735+00:00       历史

[79 rows x 2 columns]
<QuerySet [{'book__id': 4, 'book__title': '活着', 'book__category__name': '文学', 'borrow_count': 7}]>
<QuerySet [{'book__id': 4, 'book__title': '活着', 'book__category__name': '文学', 'borrow_count': 7}, {'book__id': 9, 'book__title': '百年孤独', 'book__category__name': '文学', 'borrow_count': 7}, {'book__id': 10, 'book__title': '时间简史', 'book__category__name': '科技', 'borrow_count': 7}, {'book__id': 6, 'book__title': '人类简史', 'book__category__name': '历史', 'borrow_count': 6}, {'book__id': 1, 'book__title': '呐喊', 'book__category__name': '文学', 'borrow_count': 5}]>
                         created_at category
0  2025-04-10 06:05:55.676765+00:00       文学
1  2025-04-10 06:05:55.675735+00:00       科技
2  2025-04-10 06:05:55.676765+00:00       文学
3  2025-04-10 06:05:55.676765+00:00       科技
4  2025-04-10 06:05:55.676765+00:00       文学
..                              ...      ...
74 2025-04-10 06:05:55.676765+00:00       文学
75 2025-04-10 06:05:55.675735+00:00       历史
76 2025-04-10 06:05:55.676765+00:00       文学
77 2025-04-10 06:05:55.676765+00:00       文学
78 2025-04-02 06:05:55.675735+00:00       历史

[79 rows x 2 columns]
                         created_at category
0  2025-04-10 06:05:55.676765+00:00       文学
1  2025-04-10 06:05:55.675735+00:00       科技
2  2025-04-10 06:05:55.676765+00:00       文学
3  2025-04-10 06:05:55.676765+00:00       科技
4  2025-04-10 06:05:55.676765+00:00       文学
..                              ...      ...
74 2025-04-10 06:05:55.676765+00:00       文学
75 2025-04-10 06:05:55.675735+00:00       历史
76 2025-04-10 06:05:55.676765+00:00       文学
77 2025-04-10 06:05:55.676765+00:00       文学
78 2025-04-02 06:05:55.675735+00:00       历史

[79 rows x 2 columns]
                         created_at category
0  2025-04-10 06:05:55.676765+00:00       文学
1  2025-04-10 06:05:55.675735+00:00       科技
2  2025-04-10 06:05:55.676765+00:00       文学
3  2025-04-10 06:05:55.676765+00:00       科技
4  2025-04-10 06:05:55.676765+00:00       文学
..                              ...      ...
74 2025-04-10 06:05:55.676765+00:00       文学
75 2025-04-10 06:05:55.675735+00:00       历史
76 2025-04-10 06:05:55.676765+00:00       文学
77 2025-04-10 06:05:55.676765+00:00       文学
78 2025-04-02 06:05:55.675735+00:00       历史

[79 rows x 2 columns]
borrow-record-list GET
User(id=2, username=admin, is_superuser=True)
用户信息是:admin
看看是啥:{6: [{'route': 'borrow-record-list', 'method': 'GET'}], 5: [{'route': 'book-detail', 'method': 'DELETE'}, {'route': 'book-detail', 'method': 'PUT'}, {'route': 'book-list', 'method': 'POST'}, {'route': 'book-list', 'method': 'GET'}], 4: [{'route': 'announcement-detail', 'method': 'DELETE'}, {'route': 'announcement-detail', 'method': 'PUT'}, {'route': 'announcement-list', 'method': 'POST'}, {'route': 'announcement-list', 'method': 'GET'}]}
看看是啥:{6: [{'route': 'borrow-record-list', 'method': 'GET'}], 5: [{'route': 'book-detail', 'method': 'DELETE'}, {'route': 'book-detail', 'method': 'PUT'}, {'route': 'book-list', 'method': 'POST'}, {'route': 'book-list', 'method': 'GET'}], 4: [{'route': 'announcement-detail', 'method': 'DELETE'}, {'route': 'announcement-detail', 'method': 'PUT'}, {'route': 'announcement-list', 'method': 'POST'}, {'route': 'announcement-list', 'method': 'GET'}]}
看看是啥:{6: [{'route': 'borrow-record-list', 'method': 'GET'}], 5: [{'route': 'book-detail', 'method': 'DELETE'}, {'route': 'book-detail', 'method': 'PUT'}, {'route': 'book-list', 'method': 'POST'}, {'route': 'book-list', 'method': 'GET'}], 4: [{'route': 'announcement-detail', 'method': 'DELETE'}, {'route': 'announcement-detail', 'method': 'PUT'}, {'route': 'announcement-list', 'method': 'POST'}, {'route': 'announcement-list', 'method': 'GET'}]}
announcement-list GET
用户信息是:admin
看看是啥:{6: [{'route': 'borrow-record-list', 'method': 'GET'}], 5: [{'route': 'book-detail', 'method': 'DELETE'}, {'route': 'book-detail', 'method': 'PUT'}, {'route': 'book-list', 'method': 'POST'}, {'route': 'book-list', 'method': 'GET'}], 4: [{'route': 'announcement-detail', 'method': 'DELETE'}, {'route': 'announcement-detail', 'method': 'PUT'}, {'route': 'announcement-list', 'method': 'POST'}, {'route': 'announcement-list', 'method': 'GET'}]}
看看是啥:{6: [{'route': 'borrow-record-list', 'method': 'GET'}], 5: [{'route': 'book-detail', 'method': 'DELETE'}, {'route': 'book-detail', 'method': 'PUT'}, {'route': 'book-list', 'method': 'POST'}, {'route': 'book-list', 'method': 'GET'}], 4: [{'route': 'announcement-detail', 'method': 'DELETE'}, {'route': 'announcement-detail', 'method': 'PUT'}, {'route': 'announcement-list', 'method': 'POST'}, {'route': 'announcement-list', 'method': 'GET'}]}
看看是啥:{6: [{'route': 'borrow-record-list', 'method': 'GET'}], 5: [{'route': 'book-detail', 'method': 'DELETE'}, {'route': 'book-detail', 'method': 'PUT'}, {'route': 'book-list', 'method': 'POST'}, {'route': 'book-list', 'method': 'GET'}], 4: [{'route': 'announcement-detail', 'method': 'DELETE'}, {'route': 'announcement-detail', 'method': 'PUT'}, {'route': 'announcement-list', 'method': 'POST'}, {'route': 'announcement-list', 'method': 'GET'}]}
announcement-list GET
announcement-list GET
用户信息是:admin
看看是啥:{6: [{'route': 'borrow-record-list', 'method': 'GET'}], 5: [{'route': 'book-detail', 'method': 'DELETE'}, {'route': 'book-detail', 'method': 'PUT'}, {'route': 'book-list', 'method': 'POST'}, {'route': 'book-list', 'method': 'GET'}], 4: [{'route': 'announcement-detail', 'method': 'DELETE'}, {'route': 'announcement-detail', 'method': 'PUT'}, {'route': 'announcement-list', 'method': 'POST'}, {'route': 'announcement-list', 'method': 'GET'}]}
看看是啥:{6: [{'route': 'borrow-record-list', 'method': 'GET'}], 5: [{'route': 'book-detail', 'method': 'DELETE'}, {'route': 'book-detail', 'method': 'PUT'}, {'route': 'book-list', 'method': 'POST'}, {'route': 'book-list', 'method': 'GET'}], 4: [{'route': 'announcement-detail', 'method': 'DELETE'}, {'route': 'announcement-detail', 'method': 'PUT'}, {'route': 'announcement-list', 'method': 'POST'}, {'route': 'announcement-list', 'method': 'GET'}]}
看看是啥:{6: [{'route': 'borrow-record-list', 'method': 'GET'}], 5: [{'route': 'book-detail', 'method': 'DELETE'}, {'route': 'book-detail', 'method': 'PUT'}, {'route': 'book-list', 'method': 'POST'}, {'route': 'book-list', 'method': 'GET'}], 4: [{'route': 'announcement-detail', 'method': 'DELETE'}, {'route': 'announcement-detail', 'method': 'PUT'}, {'route': 'announcement-list', 'method': 'POST'}, {'route': 'announcement-list', 'method': 'GET'}]}
announcement-list GET
announcement-list GET
用户信息是:admin
看看是啥:{6: [{'route': 'borrow-record-list', 'method': 'GET'}], 5: [{'route': 'book-detail', 'method': 'DELETE'}, {'route': 'book-detail', 'method': 'PUT'}, {'route': 'book-list', 'method': 'POST'}, {'route': 'book-list', 'method': 'GET'}], 4: [{'route': 'announcement-detail', 'method': 'DELETE'}, {'route': 'announcement-detail', 'method': 'PUT'}, {'route': 'announcement-list', 'method': 'POST'}, {'route': 'announcement-list', 'method': 'GET'}]}
看看是啥:{6: [{'route': 'borrow-record-list', 'method': 'GET'}], 5: [{'route': 'book-detail', 'method': 'DELETE'}, {'route': 'book-detail', 'method': 'PUT'}, {'route': 'book-list', 'method': 'POST'}, {'route': 'book-list', 'method': 'GET'}], 4: [{'route': 'announcement-detail', 'method': 'DELETE'}, {'route': 'announcement-detail', 'method': 'PUT'}, {'route': 'announcement-list', 'method': 'POST'}, {'route': 'announcement-list', 'method': 'GET'}]}
看看是啥:{6: [{'route': 'borrow-record-list', 'method': 'GET'}], 5: [{'route': 'book-detail', 'method': 'DELETE'}, {'route': 'book-detail', 'method': 'PUT'}, {'route': 'book-list', 'method': 'POST'}, {'route': 'book-list', 'method': 'GET'}], 4: [{'route': 'announcement-detail', 'method': 'DELETE'}, {'route': 'announcement-detail', 'method': 'PUT'}, {'route': 'announcement-list', 'method': 'POST'}, {'route': 'announcement-list', 'method': 'GET'}]}
announcement-list GET
announcement-list GET
用户信息是:admin
看看是啥:{6: [{'route': 'borrow-record-list', 'method': 'GET'}], 5: [{'route': 'book-detail', 'method': 'DELETE'}, {'route': 'book-detail', 'method': 'PUT'}, {'route': 'book-list', 'method': 'POST'}, {'route': 'book-list', 'method': 'GET'}], 4: [{'route': 'announcement-detail', 'method': 'DELETE'}, {'route': 'announcement-detail', 'method': 'PUT'}, {'route': 'announcement-list', 'method': 'POST'}, {'route': 'announcement-list', 'method': 'GET'}]}
看看是啥:{6: [{'route': 'borrow-record-list', 'method': 'GET'}], 5: [{'route': 'book-detail', 'method': 'DELETE'}, {'route': 'book-detail', 'method': 'PUT'}, {'route': 'book-list', 'method': 'POST'}, {'route': 'book-list', 'method': 'GET'}], 4: [{'route': 'announcement-detail', 'method': 'DELETE'}, {'route': 'announcement-detail', 'method': 'PUT'}, {'route': 'announcement-list', 'method': 'POST'}, {'route': 'announcement-list', 'method': 'GET'}]}
看看是啥:{6: [{'route': 'borrow-record-list', 'method': 'GET'}], 5: [{'route': 'book-detail', 'method': 'DELETE'}, {'route': 'book-detail', 'method': 'PUT'}, {'route': 'book-list', 'method': 'POST'}, {'route': 'book-list', 'method': 'GET'}], 4: [{'route': 'announcement-detail', 'method': 'DELETE'}, {'route': 'announcement-detail', 'method': 'PUT'}, {'route': 'announcement-list', 'method': 'POST'}, {'route': 'announcement-list', 'method': 'GET'}]}
announcement-list GET
announcement-list GET
announcement-list GET
announcement-list GET
用户信息是:admin
看看是啥:{6: [{'route': 'borrow-record-list', 'method': 'GET'}], 5: [{'route': 'book-detail', 'method': 'DELETE'}, {'route': 'book-detail', 'method': 'PUT'}, {'route': 'book-list', 'method': 'POST'}, {'route': 'book-list', 'method': 'GET'}], 4: [{'route': 'announcement-detail', 'method': 'DELETE'}, {'route': 'announcement-detail', 'method': 'PUT'}, {'route': 'announcement-list', 'method': 'POST'}, {'route': 'announcement-list', 'method': 'GET'}]}
看看是啥:{6: [{'route': 'borrow-record-list', 'method': 'GET'}], 5: [{'route': 'book-detail', 'method': 'DELETE'}, {'route': 'book-detail', 'method': 'PUT'}, {'route': 'book-list', 'method': 'POST'}, {'route': 'book-list', 'method': 'GET'}], 4: [{'route': 'announcement-detail', 'method': 'DELETE'}, {'route': 'announcement-detail', 'method': 'PUT'}, {'route': 'announcement-list', 'method': 'POST'}, {'route': 'announcement-list', 'method': 'GET'}]}
看看是啥:{6: [{'route': 'borrow-record-list', 'method': 'GET'}], 5: [{'route': 'book-detail', 'method': 'DELETE'}, {'route': 'book-detail', 'method': 'PUT'}, {'route': 'book-list', 'method': 'POST'}, {'route': 'book-list', 'method': 'GET'}], 4: [{'route': 'announcement-detail', 'method': 'DELETE'}, {'route': 'announcement-detail', 'method': 'PUT'}, {'route': 'announcement-list', 'method': 'POST'}, {'route': 'announcement-list', 'method': 'GET'}]}
announcement-list GET
book-list GET
borrow-record-list GET
User(id=2, username=admin, is_superuser=True)/tmp/yes/envs/lms/lib/python3.12/site-packages/rest_framework/pagination.py:207: UnorderedObjectListWarning: Pagination may yield inconsistent results with an unordered object_list: <class 'api.models.Author'> QuerySet.
  paginator = self.django_paginator_class(queryset, page_size)
/tmp/yes/envs/lms/lib/python3.12/site-packages/rest_framework/pagination.py:207: UnorderedObjectListWarning: Pagination may yield inconsistent results with an unordered object_list: <class 'api.models.Category'> QuerySet.
  paginator = self.django_paginator_class(queryset, page_size)
Internal Server Error: /api/ratings/

用户信息是:user
看看是啥:{6: [{'route': 'borrow-record-list', 'method': 'GET'}], 5: [{'route': 'book-list', 'method': 'GET'}], 4: [{'route': 'announcement-list', 'method': 'GET'}]}
看看是啥:{6: [{'route': 'borrow-record-list', 'method': 'GET'}], 5: [{'route': 'book-list', 'method': 'GET'}], 4: [{'route': 'announcement-list', 'method': 'GET'}]}
看看是啥:{6: [{'route': 'borrow-record-list', 'method': 'GET'}], 5: [{'route': 'book-list', 'method': 'GET'}], 4: [{'route': 'announcement-list', 'method': 'GET'}]}
announcement-list GET
book-list GET
borrow-record-list GET
User(id=1, username=user, is_superuser=False)
用户信息是:root
announcement-list GET
                         created_at category
0  2025-04-10 06:05:55.676765+00:00       文学
1  2025-04-10 06:05:55.675735+00:00       科技
2  2025-04-10 06:05:55.676765+00:00       文学
3  2025-04-10 06:05:55.676765+00:00       科技
4  2025-04-10 06:05:55.676765+00:00       文学
..                              ...      ...
74 2025-04-10 06:05:55.676765+00:00       文学
75 2025-04-10 06:05:55.675735+00:00       历史
76 2025-04-10 06:05:55.676765+00:00       文学
77 2025-04-10 06:05:55.676765+00:00       文学
78 2025-04-02 06:05:55.675735+00:00       历史

[79 rows x 2 columns]
<QuerySet [{'book__id': 4, 'book__title': '活着', 'book__category__name': '文学', 'borrow_count': 7}]>
用户信息是:admin
看看是啥:{6: [{'route': 'borrow-record-list', 'method': 'GET'}], 5: [{'route': 'book-detail', 'method': 'DELETE'}, {'route': 'book-detail', 'method': 'PUT'}, {'route': 'book-list', 'method': 'POST'}, {'route': 'book-list', 'method': 'GET'}], 4: [{'route': 'announcement-detail', 'method': 'DELETE'}, {'route': 'announcement-detail', 'method': 'PUT'}, {'route': 'announcement-list', 'method': 'POST'}, {'route': 'announcement-list', 'method': 'GET'}]}
看看是啥:{6: [{'route': 'borrow-record-list', 'method': 'GET'}], 5: [{'route': 'book-detail', 'method': 'DELETE'}, {'route': 'book-detail', 'method': 'PUT'}, {'route': 'book-list', 'method': 'POST'}, {'route': 'book-list', 'method': 'GET'}], 4: [{'route': 'announcement-detail', 'method': 'DELETE'}, {'route': 'announcement-detail', 'method': 'PUT'}, {'route': 'announcement-list', 'method': 'POST'}, {'route': 'announcement-list', 'method': 'GET'}]}
看看是啥:{6: [{'route': 'borrow-record-list', 'method': 'GET'}], 5: [{'route': 'book-detail', 'method': 'DELETE'}, {'route': 'book-detail', 'method': 'PUT'}, {'route': 'book-list', 'method': 'POST'}, {'route': 'book-list', 'method': 'GET'}], 4: [{'route': 'announcement-detail', 'method': 'DELETE'}, {'route': 'announcement-detail', 'method': 'PUT'}, {'route': 'announcement-list', 'method': 'POST'}, {'route': 'announcement-list', 'method': 'GET'}]}
announcement-list GET
announcement-list GET
announcement-list GET
用户信息是:root
<QuerySet [{'book__id': 4, 'book__title': '活着', 'book__category__name': '文学', 'borrow_count': 7}]>
                         created_at category
0  2025-04-10 06:05:55.676765+00:00       文学
1  2025-04-10 06:05:55.675735+00:00       科技
2  2025-04-10 06:05:55.676765+00:00       文学
3  2025-04-10 06:05:55.676765+00:00       科技
4  2025-04-10 06:05:55.676765+00:00       文学
..                              ...      ...
74 2025-04-10 06:05:55.676765+00:00       文学
75 2025-04-10 06:05:55.675735+00:00       历史
76 2025-04-10 06:05:55.676765+00:00       文学
77 2025-04-10 06:05:55.676765+00:00       文学
78 2025-04-02 06:05:55.675735+00:00       历史

[79 rows x 2 columns]
用户信息是:admin
看看是啥:{6: [{'route': 'borrow-record-list', 'method': 'GET'}], 5: [{'route': 'book-detail', 'method': 'DELETE'}, {'route': 'book-detail', 'method': 'PUT'}, {'route': 'book-list', 'method': 'POST'}, {'route': 'book-list', 'method': 'GET'}], 4: [{'route': 'announcement-detail', 'method': 'DELETE'}, {'route': 'announcement-detail', 'method': 'PUT'}, {'route': 'announcement-list', 'method': 'POST'}, {'route': 'announcement-list', 'method': 'GET'}]}
看看是啥:{6: [{'route': 'borrow-record-list', 'method': 'GET'}], 5: [{'route': 'book-detail', 'method': 'DELETE'}, {'route': 'book-detail', 'method': 'PUT'}, {'route': 'book-list', 'method': 'POST'}, {'route': 'book-list', 'method': 'GET'}], 4: [{'route': 'announcement-detail', 'method': 'DELETE'}, {'route': 'announcement-detail', 'method': 'PUT'}, {'route': 'announcement-list', 'method': 'POST'}, {'route': 'announcement-list', 'method': 'GET'}]}
看看是啥:{6: [{'route': 'borrow-record-list', 'method': 'GET'}], 5: [{'route': 'book-detail', 'method': 'DELETE'}, {'route': 'book-detail', 'method': 'PUT'}, {'route': 'book-list', 'method': 'POST'}, {'route': 'book-list', 'method': 'GET'}], 4: [{'route': 'announcement-detail', 'method': 'DELETE'}, {'route': 'announcement-detail', 'method': 'PUT'}, {'route': 'announcement-list', 'method': 'POST'}, {'route': 'announcement-list', 'method': 'GET'}]}
announcement-list GET
用户信息是:admin
看看是啥:{6: [{'route': 'borrow-record-list', 'method': 'GET'}], 5: [{'route': 'book-detail', 'method': 'DELETE'}, {'route': 'book-detail', 'method': 'PUT'}, {'route': 'book-list', 'method': 'POST'}, {'route': 'book-list', 'method': 'GET'}], 4: [{'route': 'announcement-detail', 'method': 'DELETE'}, {'route': 'announcement-detail', 'method': 'PUT'}, {'route': 'announcement-list', 'method': 'POST'}, {'route': 'announcement-list', 'method': 'GET'}]}
看看是啥:{6: [{'route': 'borrow-record-list', 'method': 'GET'}], 5: [{'route': 'book-detail', 'method': 'DELETE'}, {'route': 'book-detail', 'method': 'PUT'}, {'route': 'book-list', 'method': 'POST'}, {'route': 'book-list', 'method': 'GET'}], 4: [{'route': 'announcement-detail', 'method': 'DELETE'}, {'route': 'announcement-detail', 'method': 'PUT'}, {'route': 'announcement-list', 'method': 'POST'}, {'route': 'announcement-list', 'method': 'GET'}]}
看看是啥:{6: [{'route': 'borrow-record-list', 'method': 'GET'}], 5: [{'route': 'book-detail', 'method': 'DELETE'}, {'route': 'book-detail', 'method': 'PUT'}, {'route': 'book-list', 'method': 'POST'}, {'route': 'book-list', 'method': 'GET'}], 4: [{'route': 'announcement-detail', 'method': 'DELETE'}, {'route': 'announcement-detail', 'method': 'PUT'}, {'route': 'announcement-list', 'method': 'POST'}, {'route': 'announcement-list', 'method': 'GET'}]}
announcement-list GET
announcement-list GET
book-list GET
book-list GET
borrow-record-list GET
User(id=2, username=admin, is_superuser=True)
rating-list POST
RatingSerializer(context={'request': <rest_framework.request.Request: POST '/api/ratings/'>, 'format': None, 'view': <api.views.RatingViewSet object>}, data={'book': 1, 'score': 5, 'comment': '1121'}):
    id = IntegerField(label='ID', read_only=True)
    user = PrimaryKeyRelatedField(label='用户', read_only=True)
    user_username = CharField(read_only=True, source='user.username')
    book = PrimaryKeyRelatedField(label='图书', queryset=Book.objects.all(), required=True)
    book_title = CharField(read_only=True, source='book.title')
    score = IntegerField(help_text='范围：1-5', label='评分', max_value=9223372036854775807, min_value=-9223372036854775808)
    comment = CharField(allow_blank=True, allow_null=True, label='评论', required=False, style={'base_template': 'textarea.html'})
    created_at = DateTimeField(label='创建时间', read_only=True)
User(id=2, username=admin, is_superuser=True)
rating-list POST
RatingSerializer(context={'request': <rest_framework.request.Request: POST '/api/ratings/'>, 'format': None, 'view': <api.views.RatingViewSet object>}, data={'book': 1, 'score': 5, 'comment': '1121'}):
    id = IntegerField(label='ID', read_only=True)
    user = PrimaryKeyRelatedField(label='用户', read_only=True)
    user_username = CharField(read_only=True, source='user.username')
    book = PrimaryKeyRelatedField(label='图书', queryset=Book.objects.all(), required=True)
    book_title = CharField(read_only=True, source='book.title')
    score = IntegerField(help_text='范围：1-5', label='评分', max_value=9223372036854775807, min_value=-9223372036854775808)
    comment = CharField(allow_blank=True, allow_null=True, label='评论', required=False, style={'base_template': 'textarea.html'})
    created_at = DateTimeField(label='创建时间', read_only=True)Internal Server Error: /api/ratings/
Internal Server Error: /api/ratings/
